[DEBUG] [2018-08-28 23:21:53][org.springframework.core.env.StandardEnvironment]Adding [systemProperties] PropertySource with lowest search precedence
  [DEBUG] [2018-08-28 23:21:53][org.springframework.core.env.StandardEnvironment]Adding [systemEnvironment] PropertySource with lowest search precedence
  [DEBUG] [2018-08-28 23:21:53][org.springframework.core.env.StandardEnvironment]Initialized StandardEnvironment with PropertySources [systemProperties,systemEnvironment]
  [INFO] [2018-08-28 23:21:53][org.springframework.context.support.ClassPathXmlApplicationContext]Refreshing org.springframework.context.support.ClassPathXmlApplicationContext@75a1cd57: startup date [Tue Aug 28 23:21:53 CST 2018]; root of context hierarchy
  [DEBUG] [2018-08-28 23:21:54][org.springframework.core.env.StandardEnvironment]Adding [systemProperties] PropertySource with lowest search precedence
  [DEBUG] [2018-08-28 23:21:54][org.springframework.core.env.StandardEnvironment]Adding [systemEnvironment] PropertySource with lowest search precedence
  [DEBUG] [2018-08-28 23:21:54][org.springframework.core.env.StandardEnvironment]Initialized StandardEnvironment with PropertySources [systemProperties,systemEnvironment]
  [INFO] [2018-08-28 23:21:54][org.springframework.beans.factory.xml.XmlBeanDefinitionReader]Loading XML bean definitions from class path resource [spring-dao.xml]
  [DEBUG] [2018-08-28 23:21:54][org.springframework.beans.factory.xml.DefaultDocumentLoader]Using JAXP provider [com.sun.org.apache.xerces.internal.jaxp.DocumentBuilderFactoryImpl]
  [DEBUG] [2018-08-28 23:21:54][org.springframework.beans.factory.xml.PluggableSchemaResolver]Loading schema mappings from [META-INF/spring.schemas]
  [DEBUG] [2018-08-28 23:21:54][org.springframework.beans.factory.xml.PluggableSchemaResolver]Loaded schema mappings: {http://www.springframework.org/schema/tx/spring-tx-2.5.xsd=org/springframework/transaction/config/spring-tx-2.5.xsd, http://www.springframework.org/schema/aop/spring-aop-4.1.xsd=org/springframework/aop/config/spring-aop-4.1.xsd, http://www.springframework.org/schema/context/spring-context-3.1.xsd=org/springframework/context/config/spring-context-3.1.xsd, http://www.springframework.org/schema/jdbc/spring-jdbc-4.1.xsd=org/springframework/jdbc/config/spring-jdbc-4.1.xsd, http://www.springframework.org/schema/util/spring-util-3.0.xsd=org/springframework/beans/factory/xml/spring-util-3.0.xsd, http://www.springframework.org/schema/tool/spring-tool.xsd=org/springframework/beans/factory/xml/spring-tool-4.1.xsd, http://www.springframework.org/schema/aop/spring-aop-3.2.xsd=org/springframework/aop/config/spring-aop-3.2.xsd, http://mybatis.org/schema/mybatis-spring-1.2.xsd=org/mybatis/spring/config/mybatis-spring-1.2.xsd, http://www.springframework.org/schema/lang/spring-lang-4.1.xsd=org/springframework/scripting/config/spring-lang-4.1.xsd, http://www.springframework.org/schema/context/spring-context-4.0.xsd=org/springframework/context/config/spring-context-4.0.xsd, http://www.springframework.org/schema/tool/spring-tool-4.1.xsd=org/springframework/beans/factory/xml/spring-tool-4.1.xsd, http://www.springframework.org/schema/lang/spring-lang-3.2.xsd=org/springframework/scripting/config/spring-lang-3.2.xsd, http://www.springframework.org/schema/cache/spring-cache-3.2.xsd=org/springframework/cache/config/spring-cache-3.2.xsd, http://www.springframework.org/schema/jee/spring-jee-4.1.xsd=org/springframework/ejb/config/spring-jee-4.1.xsd, http://www.springframework.org/schema/jdbc/spring-jdbc-3.1.xsd=org/springframework/jdbc/config/spring-jdbc-3.1.xsd, http://www.springframework.org/schema/util/spring-util-2.0.xsd=org/springframework/beans/factory/xml/spring-util-2.0.xsd, http://www.springframework.org/schema/tool/spring-tool-3.2.xsd=org/springframework/beans/factory/xml/spring-tool-3.2.xsd, http://www.springframework.org/schema/context/spring-context.xsd=org/springframework/context/config/spring-context-4.1.xsd, http://www.springframework.org/schema/cache/spring-cache-4.1.xsd=org/springframework/cache/config/spring-cache-4.1.xsd, http://www.springframework.org/schema/aop/spring-aop-4.0.xsd=org/springframework/aop/config/spring-aop-4.0.xsd, http://www.springframework.org/schema/jee/spring-jee-3.2.xsd=org/springframework/ejb/config/spring-jee-3.2.xsd, http://www.springframework.org/schema/context/spring-context-3.0.xsd=org/springframework/context/config/spring-context-3.0.xsd, http://www.springframework.org/schema/jdbc/spring-jdbc-4.0.xsd=org/springframework/jdbc/config/spring-jdbc-4.0.xsd, http://www.springframework.org/schema/util/spring-util-2.5.xsd=org/springframework/beans/factory/xml/spring-util-2.5.xsd, http://www.springframework.org/schema/beans/spring-beans-3.2.xsd=org/springframework/beans/factory/xml/spring-beans-3.2.xsd, http://www.springframework.org/schema/aop/spring-aop-3.1.xsd=org/springframework/aop/config/spring-aop-3.1.xsd, http://www.springframework.org/schema/lang/spring-lang-4.0.xsd=org/springframework/scripting/config/spring-lang-4.0.xsd, http://www.springframework.org/schema/beans/spring-beans-4.1.xsd=org/springframework/beans/factory/xml/spring-beans-4.1.xsd, http://www.springframework.org/schema/tool/spring-tool-4.0.xsd=org/springframework/beans/factory/xml/spring-tool-4.0.xsd, http://www.springframework.org/schema/tx/spring-tx-3.2.xsd=org/springframework/transaction/config/spring-tx-3.2.xsd, http://www.springframework.org/schema/lang/spring-lang-3.1.xsd=org/springframework/scripting/config/spring-lang-3.1.xsd, http://www.springframework.org/schema/cache/spring-cache-3.1.xsd=org/springframework/cache/config/spring-cache-3.1.xsd, http://www.springframework.org/schema/jee/spring-jee-4.0.xsd=org/springframework/ejb/config/spring-jee-4.0.xsd, http://www.springframework.org/schema/jdbc/spring-jdbc-3.0.xsd=org/springframework/jdbc/config/spring-jdbc-3.0.xsd, http://www.springframework.org/schema/task/spring-task-4.1.xsd=org/springframework/scheduling/config/spring-task-4.1.xsd, http://www.springframework.org/schema/jdbc/spring-jdbc.xsd=org/springframework/jdbc/config/spring-jdbc-4.1.xsd, http://www.springframework.org/schema/tool/spring-tool-3.1.xsd=org/springframework/beans/factory/xml/spring-tool-3.1.xsd, http://www.springframework.org/schema/tx/spring-tx-4.1.xsd=org/springframework/transaction/config/spring-tx-4.1.xsd, http://www.springframework.org/schema/cache/spring-cache-4.0.xsd=org/springframework/cache/config/spring-cache-4.0.xsd, http://www.springframework.org/schema/jee/spring-jee-3.1.xsd=org/springframework/ejb/config/spring-jee-3.1.xsd, http://www.springframework.org/schema/task/spring-task-3.2.xsd=org/springframework/scheduling/config/spring-task-3.2.xsd, http://www.springframework.org/schema/beans/spring-beans-3.1.xsd=org/springframework/beans/factory/xml/spring-beans-3.1.xsd, http://www.springframework.org/schema/util/spring-util.xsd=org/springframework/beans/factory/xml/spring-util-4.1.xsd, http://www.springframework.org/schema/aop/spring-aop-3.0.xsd=org/springframework/aop/config/spring-aop-3.0.xsd, http://www.springframework.org/schema/beans/spring-beans-4.0.xsd=org/springframework/beans/factory/xml/spring-beans-4.0.xsd, http://www.springframework.org/schema/beans/spring-beans.xsd=org/springframework/beans/factory/xml/spring-beans-4.1.xsd, http://www.springframework.org/schema/tx/spring-tx-3.1.xsd=org/springframework/transaction/config/spring-tx-3.1.xsd, http://www.springframework.org/schema/lang/spring-lang-3.0.xsd=org/springframework/scripting/config/spring-lang-3.0.xsd, http://mybatis.org/schema/mybatis-spring.xsd=org/mybatis/spring/config/mybatis-spring-1.2.xsd, http://www.springframework.org/schema/context/spring-context-2.5.xsd=org/springframework/context/config/spring-context-2.5.xsd, http://www.springframework.org/schema/task/spring-task-4.0.xsd=org/springframework/scheduling/config/spring-task-4.0.xsd, http://www.springframework.org/schema/tool/spring-tool-3.0.xsd=org/springframework/beans/factory/xml/spring-tool-3.0.xsd, http://www.springframework.org/schema/tx/spring-tx-4.0.xsd=org/springframework/transaction/config/spring-tx-4.0.xsd, http://www.springframework.org/schema/aop/spring-aop-2.0.xsd=org/springframework/aop/config/spring-aop-2.0.xsd, http://www.springframework.org/schema/jee/spring-jee-3.0.xsd=org/springframework/ejb/config/spring-jee-3.0.xsd, http://www.springframework.org/schema/util/spring-util-4.1.xsd=org/springframework/beans/factory/xml/spring-util-4.1.xsd, http://www.springframework.org/schema/task/spring-task-3.1.xsd=org/springframework/scheduling/config/spring-task-3.1.xsd, http://www.springframework.org/schema/beans/spring-beans-3.0.xsd=org/springframework/beans/factory/xml/spring-beans-3.0.xsd, http://www.springframework.org/schema/jee/spring-jee.xsd=org/springframework/ejb/config/spring-jee-4.1.xsd, http://www.springframework.org/schema/aop/spring-aop-2.5.xsd=org/springframework/aop/config/spring-aop-2.5.xsd, http://www.springframework.org/schema/lang/spring-lang-2.0.xsd=org/springframework/scripting/config/spring-lang-2.0.xsd, http://www.springframework.org/schema/util/spring-util-3.2.xsd=org/springframework/beans/factory/xml/spring-util-3.2.xsd, http://www.springframework.org/schema/task/spring-task.xsd=org/springframework/scheduling/config/spring-task-4.1.xsd, http://www.springframework.org/schema/tool/spring-tool-2.0.xsd=org/springframework/beans/factory/xml/spring-tool-2.0.xsd, http://www.springframework.org/schema/tx/spring-tx-3.0.xsd=org/springframework/transaction/config/spring-tx-3.0.xsd, http://www.springframework.org/schema/lang/spring-lang-2.5.xsd=org/springframework/scripting/config/spring-lang-2.5.xsd, http://www.springframework.org/schema/jee/spring-jee-2.0.xsd=org/springframework/ejb/config/spring-jee-2.0.xsd, http://www.springframework.org/schema/tool/spring-tool-2.5.xsd=org/springframework/beans/factory/xml/spring-tool-2.5.xsd, http://www.springframework.org/schema/jee/spring-jee-2.5.xsd=org/springframework/ejb/config/spring-jee-2.5.xsd, http://www.springframework.org/schema/util/spring-util-4.0.xsd=org/springframework/beans/factory/xml/spring-util-4.0.xsd, http://www.springframework.org/schema/task/spring-task-3.0.xsd=org/springframework/scheduling/config/spring-task-3.0.xsd, http://www.springframework.org/schema/lang/spring-lang.xsd=org/springframework/scripting/config/spring-lang-4.1.xsd, http://www.springframework.org/schema/context/spring-context-3.2.xsd=org/springframework/context/config/spring-context-3.2.xsd, http://www.springframework.org/schema/util/spring-util-3.1.xsd=org/springframework/beans/factory/xml/spring-util-3.1.xsd, http://www.springframework.org/schema/beans/spring-beans-2.0.xsd=org/springframework/beans/factory/xml/spring-beans-2.0.xsd, http://www.springframework.org/schema/cache/spring-cache.xsd=org/springframework/cache/config/spring-cache-4.1.xsd, http://www.springframework.org/schema/tx/spring-tx.xsd=org/springframework/transaction/config/spring-tx-4.1.xsd, http://www.springframework.org/schema/context/spring-context-4.1.xsd=org/springframework/context/config/spring-context-4.1.xsd, http://www.springframework.org/schema/beans/spring-beans-2.5.xsd=org/springframework/beans/factory/xml/spring-beans-2.5.xsd, http://www.springframework.org/schema/tx/spring-tx-2.0.xsd=org/springframework/transaction/config/spring-tx-2.0.xsd, http://www.springframework.org/schema/jdbc/spring-jdbc-3.2.xsd=org/springframework/jdbc/config/spring-jdbc-3.2.xsd, http://www.springframework.org/schema/aop/spring-aop.xsd=org/springframework/aop/config/spring-aop-4.1.xsd}
  [DEBUG] [2018-08-28 23:21:54][org.springframework.beans.factory.xml.PluggableSchemaResolver]Found XML schema [http://www.springframework.org/schema/beans/spring-beans.xsd] in classpath: org/springframework/beans/factory/xml/spring-beans-4.1.xsd
  [DEBUG] [2018-08-28 23:21:54][org.springframework.beans.factory.xml.PluggableSchemaResolver]Found XML schema [http://www.springframework.org/schema/context/spring-context.xsd] in classpath: org/springframework/context/config/spring-context-4.1.xsd
  [DEBUG] [2018-08-28 23:21:54][org.springframework.beans.factory.xml.PluggableSchemaResolver]Found XML schema [http://www.springframework.org/schema/tool/spring-tool-4.1.xsd] in classpath: org/springframework/beans/factory/xml/spring-tool-4.1.xsd
  [DEBUG] [2018-08-28 23:21:54][org.springframework.beans.factory.xml.DefaultBeanDefinitionDocumentReader]Loading bean definitions
  [DEBUG] [2018-08-28 23:21:54][org.springframework.beans.factory.xml.DefaultNamespaceHandlerResolver]Loaded NamespaceHandler mappings: {http://www.springframework.org/schema/p=org.springframework.beans.factory.xml.SimplePropertyNamespaceHandler, http://www.springframework.org/schema/util=org.springframework.beans.factory.xml.UtilNamespaceHandler, http://www.springframework.org/schema/jee=org.springframework.ejb.config.JeeNamespaceHandler, http://www.springframework.org/schema/aop=org.springframework.aop.config.AopNamespaceHandler, http://www.springframework.org/schema/jdbc=org.springframework.jdbc.config.JdbcNamespaceHandler, http://www.springframework.org/schema/cache=org.springframework.cache.config.CacheNamespaceHandler, http://mybatis.org/schema/mybatis-spring=org.mybatis.spring.config.NamespaceHandler, http://www.springframework.org/schema/c=org.springframework.beans.factory.xml.SimpleConstructorNamespaceHandler, http://www.springframework.org/schema/tx=org.springframework.transaction.config.TxNamespaceHandler, http://www.springframework.org/schema/task=org.springframework.scheduling.config.TaskNamespaceHandler, http://www.springframework.org/schema/lang=org.springframework.scripting.config.LangNamespaceHandler, http://www.springframework.org/schema/context=org.springframework.context.config.ContextNamespaceHandler}
  [DEBUG] [2018-08-28 23:21:54][org.springframework.beans.factory.xml.BeanDefinitionParserDelegate]Neither XML 'id' nor 'name' specified - using generated bean name [org.mybatis.spring.mapper.MapperScannerConfigurer#0]
  [DEBUG] [2018-08-28 23:21:54][org.springframework.beans.factory.xml.XmlBeanDefinitionReader]Loaded 4 bean definitions from location pattern [spring-dao.xml]
  [DEBUG] [2018-08-28 23:21:54][org.springframework.context.support.ClassPathXmlApplicationContext]Bean factory for org.springframework.context.support.ClassPathXmlApplicationContext@75a1cd57: org.springframework.beans.factory.support.DefaultListableBeanFactory@1a968a59: defining beans [org.springframework.context.support.PropertySourcesPlaceholderConfigurer#0,dataSource,SqlSessionFactory,org.mybatis.spring.mapper.MapperScannerConfigurer#0]; root of factory hierarchy
  [DEBUG] [2018-08-28 23:21:54][org.springframework.beans.factory.support.DefaultListableBeanFactory]Creating shared instance of singleton bean 'org.mybatis.spring.mapper.MapperScannerConfigurer#0'
  [DEBUG] [2018-08-28 23:21:54][org.springframework.beans.factory.support.DefaultListableBeanFactory]Creating instance of bean 'org.mybatis.spring.mapper.MapperScannerConfigurer#0'
  [DEBUG] [2018-08-28 23:21:54][org.springframework.beans.factory.support.DefaultListableBeanFactory]Eagerly caching bean 'org.mybatis.spring.mapper.MapperScannerConfigurer#0' to allow for resolving potential circular references
  [DEBUG] [2018-08-28 23:21:54][org.springframework.beans.factory.support.DefaultListableBeanFactory]Invoking afterPropertiesSet() on bean with name 'org.mybatis.spring.mapper.MapperScannerConfigurer#0'
  [DEBUG] [2018-08-28 23:21:54][org.springframework.beans.factory.support.DefaultListableBeanFactory]Finished creating instance of bean 'org.mybatis.spring.mapper.MapperScannerConfigurer#0'
  [DEBUG] [2018-08-28 23:21:54][org.springframework.core.env.StandardEnvironment]Adding [systemProperties] PropertySource with lowest search precedence
  [DEBUG] [2018-08-28 23:21:54][org.springframework.core.env.StandardEnvironment]Adding [systemEnvironment] PropertySource with lowest search precedence
  [DEBUG] [2018-08-28 23:21:54][org.springframework.core.env.StandardEnvironment]Initialized StandardEnvironment with PropertySources [systemProperties,systemEnvironment]
  [DEBUG] [2018-08-28 23:21:54][org.springframework.core.io.support.PathMatchingResourcePatternResolver]Looking for matching resources in directory tree [C:\Users\Administrator\Workspaces\MyEclipse 2016 CI\0514_DubboManager\0514_DubboManager_Dao\target\classes\com\offcn\mapper]
  [DEBUG] [2018-08-28 23:21:54][org.springframework.core.io.support.PathMatchingResourcePatternResolver]Searching directory [C:\Users\Administrator\Workspaces\MyEclipse 2016 CI\0514_DubboManager\0514_DubboManager_Dao\target\classes\com\offcn\mapper] for files matching pattern [C:/Users/Administrator/Workspaces/MyEclipse 2016 CI/0514_DubboManager/0514_DubboManager_Dao/target/classes/com/offcn/mapper/**/*.class]
  [DEBUG] [2018-08-28 23:21:54][org.springframework.core.io.support.PathMatchingResourcePatternResolver]Resolved location pattern [classpath*:com/offcn/mapper/**/*.class] to resources [file [C:\Users\Administrator\Workspaces\MyEclipse 2016 CI\0514_DubboManager\0514_DubboManager_Dao\target\classes\com\offcn\mapper\GoodsDAO.class]]
  [DEBUG] [2018-08-28 23:21:54][org.mybatis.spring.mapper.ClassPathMapperScanner]Identified candidate component class: file [C:\Users\Administrator\Workspaces\MyEclipse 2016 CI\0514_DubboManager\0514_DubboManager_Dao\target\classes\com\offcn\mapper\GoodsDAO.class]
  [DEBUG] [2018-08-28 23:21:54][org.mybatis.spring.mapper.ClassPathMapperScanner]Creating MapperFactoryBean with name 'goodsDAO' and 'com.offcn.mapper.GoodsDAO' mapperInterface
  [DEBUG] [2018-08-28 23:21:54][org.springframework.beans.factory.support.DefaultListableBeanFactory]Creating shared instance of singleton bean 'org.springframework.context.annotation.internalConfigurationAnnotationProcessor'
  [DEBUG] [2018-08-28 23:21:54][org.springframework.beans.factory.support.DefaultListableBeanFactory]Creating instance of bean 'org.springframework.context.annotation.internalConfigurationAnnotationProcessor'
  [DEBUG] [2018-08-28 23:21:54][org.springframework.beans.factory.support.DefaultListableBeanFactory]Eagerly caching bean 'org.springframework.context.annotation.internalConfigurationAnnotationProcessor' to allow for resolving potential circular references
  [DEBUG] [2018-08-28 23:21:54][org.springframework.beans.factory.support.DefaultListableBeanFactory]Finished creating instance of bean 'org.springframework.context.annotation.internalConfigurationAnnotationProcessor'
  [DEBUG] [2018-08-28 23:21:54][org.springframework.beans.factory.support.DefaultListableBeanFactory]Creating shared instance of singleton bean 'org.springframework.context.support.PropertySourcesPlaceholderConfigurer#0'
  [DEBUG] [2018-08-28 23:21:54][org.springframework.beans.factory.support.DefaultListableBeanFactory]Creating instance of bean 'org.springframework.context.support.PropertySourcesPlaceholderConfigurer#0'
  [DEBUG] [2018-08-28 23:21:54][org.springframework.beans.factory.support.DefaultListableBeanFactory]Eagerly caching bean 'org.springframework.context.support.PropertySourcesPlaceholderConfigurer#0' to allow for resolving potential circular references
  [DEBUG] [2018-08-28 23:21:54][org.springframework.beans.factory.support.DefaultListableBeanFactory]Finished creating instance of bean 'org.springframework.context.support.PropertySourcesPlaceholderConfigurer#0'
  [DEBUG] [2018-08-28 23:21:54][org.springframework.core.env.MutablePropertySources]Adding [environmentProperties] PropertySource with lowest search precedence
  [INFO] [2018-08-28 23:21:54][org.springframework.context.support.PropertySourcesPlaceholderConfigurer]Loading properties file from class path resource [jdbc.properties]
  [DEBUG] [2018-08-28 23:21:54][org.springframework.core.env.MutablePropertySources]Adding [localProperties] PropertySource with lowest search precedence
  [DEBUG] [2018-08-28 23:21:54][org.springframework.core.env.PropertySourcesPropertyResolver]Searching for key 'jdbc.driverClassName' in [environmentProperties]
  [DEBUG] [2018-08-28 23:21:54][org.springframework.core.env.PropertySourcesPropertyResolver]Searching for key 'jdbc.driverClassName' in [systemProperties]
  [DEBUG] [2018-08-28 23:21:54][org.springframework.core.env.PropertySourcesPropertyResolver]Searching for key 'jdbc.driverClassName' in [systemEnvironment]
  [DEBUG] [2018-08-28 23:21:54][org.springframework.core.env.PropertySourcesPropertyResolver]Could not find key 'jdbc.driverClassName' in any property source. Returning [null]
  [DEBUG] [2018-08-28 23:21:54][org.springframework.core.env.PropertySourcesPropertyResolver]Searching for key 'jdbc.driverClassName' in [localProperties]
  [DEBUG] [2018-08-28 23:21:54][org.springframework.core.env.PropertySourcesPropertyResolver]Found key 'jdbc.driverClassName' in [localProperties] with type [String] and value 'com.mysql.jdbc.Driver'
  [DEBUG] [2018-08-28 23:21:54][org.springframework.core.env.PropertySourcesPropertyResolver]Searching for key 'jdbc.url' in [environmentProperties]
  [DEBUG] [2018-08-28 23:21:54][org.springframework.core.env.PropertySourcesPropertyResolver]Searching for key 'jdbc.url' in [systemProperties]
  [DEBUG] [2018-08-28 23:21:54][org.springframework.core.env.PropertySourcesPropertyResolver]Searching for key 'jdbc.url' in [systemEnvironment]
  [DEBUG] [2018-08-28 23:21:54][org.springframework.core.env.PropertySourcesPropertyResolver]Could not find key 'jdbc.url' in any property source. Returning [null]
  [DEBUG] [2018-08-28 23:21:54][org.springframework.core.env.PropertySourcesPropertyResolver]Searching for key 'jdbc.url' in [localProperties]
  [DEBUG] [2018-08-28 23:21:54][org.springframework.core.env.PropertySourcesPropertyResolver]Found key 'jdbc.url' in [localProperties] with type [String] and value 'jdbc:mysql://localhost:3306/0514_db'
  [DEBUG] [2018-08-28 23:21:54][org.springframework.core.env.PropertySourcesPropertyResolver]Searching for key 'jdbc.username' in [environmentProperties]
  [DEBUG] [2018-08-28 23:21:54][org.springframework.core.env.PropertySourcesPropertyResolver]Searching for key 'jdbc.username' in [systemProperties]
  [DEBUG] [2018-08-28 23:21:54][org.springframework.core.env.PropertySourcesPropertyResolver]Searching for key 'jdbc.username' in [systemEnvironment]
  [DEBUG] [2018-08-28 23:21:54][org.springframework.core.env.PropertySourcesPropertyResolver]Could not find key 'jdbc.username' in any property source. Returning [null]
  [DEBUG] [2018-08-28 23:21:54][org.springframework.core.env.PropertySourcesPropertyResolver]Searching for key 'jdbc.username' in [localProperties]
  [DEBUG] [2018-08-28 23:21:54][org.springframework.core.env.PropertySourcesPropertyResolver]Found key 'jdbc.username' in [localProperties] with type [String] and value 'root'
  [DEBUG] [2018-08-28 23:21:54][org.springframework.core.env.PropertySourcesPropertyResolver]Searching for key 'jdbc.password' in [environmentProperties]
  [DEBUG] [2018-08-28 23:21:54][org.springframework.core.env.PropertySourcesPropertyResolver]Searching for key 'jdbc.password' in [systemProperties]
  [DEBUG] [2018-08-28 23:21:54][org.springframework.core.env.PropertySourcesPropertyResolver]Searching for key 'jdbc.password' in [systemEnvironment]
  [DEBUG] [2018-08-28 23:21:54][org.springframework.core.env.PropertySourcesPropertyResolver]Could not find key 'jdbc.password' in any property source. Returning [null]
  [DEBUG] [2018-08-28 23:21:54][org.springframework.core.env.PropertySourcesPropertyResolver]Searching for key 'jdbc.password' in [localProperties]
  [DEBUG] [2018-08-28 23:21:54][org.springframework.core.env.PropertySourcesPropertyResolver]Found key 'jdbc.password' in [localProperties] with type [String] and value 'root'
  [DEBUG] [2018-08-28 23:21:54][org.springframework.beans.factory.support.DefaultListableBeanFactory]Creating shared instance of singleton bean 'org.springframework.context.annotation.internalAutowiredAnnotationProcessor'
  [DEBUG] [2018-08-28 23:21:54][org.springframework.beans.factory.support.DefaultListableBeanFactory]Creating instance of bean 'org.springframework.context.annotation.internalAutowiredAnnotationProcessor'
  [DEBUG] [2018-08-28 23:21:54][org.springframework.beans.factory.support.DefaultListableBeanFactory]Eagerly caching bean 'org.springframework.context.annotation.internalAutowiredAnnotationProcessor' to allow for resolving potential circular references
  [DEBUG] [2018-08-28 23:21:54][org.springframework.beans.factory.support.DefaultListableBeanFactory]Finished creating instance of bean 'org.springframework.context.annotation.internalAutowiredAnnotationProcessor'
  [DEBUG] [2018-08-28 23:21:54][org.springframework.beans.factory.support.DefaultListableBeanFactory]Creating shared instance of singleton bean 'org.springframework.context.annotation.internalRequiredAnnotationProcessor'
  [DEBUG] [2018-08-28 23:21:54][org.springframework.beans.factory.support.DefaultListableBeanFactory]Creating instance of bean 'org.springframework.context.annotation.internalRequiredAnnotationProcessor'
  [DEBUG] [2018-08-28 23:21:54][org.springframework.beans.factory.support.DefaultListableBeanFactory]Eagerly caching bean 'org.springframework.context.annotation.internalRequiredAnnotationProcessor' to allow for resolving potential circular references
  [DEBUG] [2018-08-28 23:21:54][org.springframework.beans.factory.support.DefaultListableBeanFactory]Finished creating instance of bean 'org.springframework.context.annotation.internalRequiredAnnotationProcessor'
  [DEBUG] [2018-08-28 23:21:54][org.springframework.beans.factory.support.DefaultListableBeanFactory]Creating shared instance of singleton bean 'org.springframework.context.annotation.internalCommonAnnotationProcessor'
  [DEBUG] [2018-08-28 23:21:54][org.springframework.beans.factory.support.DefaultListableBeanFactory]Creating instance of bean 'org.springframework.context.annotation.internalCommonAnnotationProcessor'
  [DEBUG] [2018-08-28 23:21:54][org.springframework.beans.factory.support.DefaultListableBeanFactory]Eagerly caching bean 'org.springframework.context.annotation.internalCommonAnnotationProcessor' to allow for resolving potential circular references
  [DEBUG] [2018-08-28 23:21:54][org.springframework.beans.factory.support.DefaultListableBeanFactory]Finished creating instance of bean 'org.springframework.context.annotation.internalCommonAnnotationProcessor'
  [DEBUG] [2018-08-28 23:21:54][org.springframework.beans.factory.support.DefaultListableBeanFactory]Creating shared instance of singleton bean 'org.springframework.context.annotation.ConfigurationClassPostProcessor.importAwareProcessor'
  [DEBUG] [2018-08-28 23:21:54][org.springframework.beans.factory.support.DefaultListableBeanFactory]Creating instance of bean 'org.springframework.context.annotation.ConfigurationClassPostProcessor.importAwareProcessor'
  [DEBUG] [2018-08-28 23:21:54][org.springframework.beans.factory.support.DefaultListableBeanFactory]Eagerly caching bean 'org.springframework.context.annotation.ConfigurationClassPostProcessor.importAwareProcessor' to allow for resolving potential circular references
  [DEBUG] [2018-08-28 23:21:54][org.springframework.beans.factory.support.DefaultListableBeanFactory]Finished creating instance of bean 'org.springframework.context.annotation.ConfigurationClassPostProcessor.importAwareProcessor'
  [DEBUG] [2018-08-28 23:21:54][org.springframework.beans.factory.support.DefaultListableBeanFactory]Creating shared instance of singleton bean 'org.springframework.context.annotation.ConfigurationClassPostProcessor.enhancedConfigurationProcessor'
  [DEBUG] [2018-08-28 23:21:54][org.springframework.beans.factory.support.DefaultListableBeanFactory]Creating instance of bean 'org.springframework.context.annotation.ConfigurationClassPostProcessor.enhancedConfigurationProcessor'
  [DEBUG] [2018-08-28 23:21:54][org.springframework.beans.factory.support.DefaultListableBeanFactory]Eagerly caching bean 'org.springframework.context.annotation.ConfigurationClassPostProcessor.enhancedConfigurationProcessor' to allow for resolving potential circular references
  [DEBUG] [2018-08-28 23:21:54][org.springframework.beans.factory.support.DefaultListableBeanFactory]Finished creating instance of bean 'org.springframework.context.annotation.ConfigurationClassPostProcessor.enhancedConfigurationProcessor'
  [DEBUG] [2018-08-28 23:21:54][org.springframework.context.support.ClassPathXmlApplicationContext]Unable to locate MessageSource with name 'messageSource': using default [org.springframework.context.support.DelegatingMessageSource@6c9f5c0d]
  [DEBUG] [2018-08-28 23:21:54][org.springframework.context.support.ClassPathXmlApplicationContext]Unable to locate ApplicationEventMulticaster with name 'applicationEventMulticaster': using default [org.springframework.context.event.SimpleApplicationEventMulticaster@3bd94634]
  [DEBUG] [2018-08-28 23:21:54][org.springframework.beans.factory.support.DefaultListableBeanFactory]Pre-instantiating singletons in org.springframework.beans.factory.support.DefaultListableBeanFactory@1a968a59: defining beans [org.springframework.context.support.PropertySourcesPlaceholderConfigurer#0,dataSource,SqlSessionFactory,org.mybatis.spring.mapper.MapperScannerConfigurer#0,goodsDAO,org.springframework.context.annotation.internalConfigurationAnnotationProcessor,org.springframework.context.annotation.internalAutowiredAnnotationProcessor,org.springframework.context.annotation.internalRequiredAnnotationProcessor,org.springframework.context.annotation.internalCommonAnnotationProcessor,org.springframework.context.annotation.ConfigurationClassPostProcessor.importAwareProcessor,org.springframework.context.annotation.ConfigurationClassPostProcessor.enhancedConfigurationProcessor]; root of factory hierarchy
  [DEBUG] [2018-08-28 23:21:54][org.springframework.beans.factory.support.DefaultListableBeanFactory]Returning cached instance of singleton bean 'org.springframework.context.support.PropertySourcesPlaceholderConfigurer#0'
  [DEBUG] [2018-08-28 23:21:54][org.springframework.beans.factory.support.DefaultListableBeanFactory]Creating shared instance of singleton bean 'dataSource'
  [DEBUG] [2018-08-28 23:21:54][org.springframework.beans.factory.support.DefaultListableBeanFactory]Creating instance of bean 'dataSource'
  [DEBUG] [2018-08-28 23:21:54][org.springframework.beans.factory.support.DefaultListableBeanFactory]Eagerly caching bean 'dataSource' to allow for resolving potential circular references
  [DEBUG] [2018-08-28 23:21:54][org.springframework.beans.factory.support.DefaultListableBeanFactory]Finished creating instance of bean 'dataSource'
  [DEBUG] [2018-08-28 23:21:54][org.springframework.beans.factory.support.DefaultListableBeanFactory]Creating shared instance of singleton bean 'SqlSessionFactory'
  [DEBUG] [2018-08-28 23:21:54][org.springframework.beans.factory.support.DefaultListableBeanFactory]Creating instance of bean 'SqlSessionFactory'
  [DEBUG] [2018-08-28 23:21:54][org.apache.ibatis.logging.LogFactory]Logging initialized using 'class org.apache.ibatis.logging.slf4j.Slf4jImpl' adapter.
  [DEBUG] [2018-08-28 23:21:54][org.springframework.beans.factory.support.DefaultListableBeanFactory]Eagerly caching bean 'SqlSessionFactory' to allow for resolving potential circular references
  [DEBUG] [2018-08-28 23:21:54][org.springframework.beans.factory.support.DefaultListableBeanFactory]Returning cached instance of singleton bean 'dataSource'
  [DEBUG] [2018-08-28 23:21:54][org.springframework.core.io.support.PathMatchingResourcePatternResolver]Looking for matching resources in directory tree [C:\Users\Administrator\Workspaces\MyEclipse 2016 CI\0514_DubboManager\0514_DubboManager_Dao\target\classes\com\offcn\mapper]
  [DEBUG] [2018-08-28 23:21:54][org.springframework.core.io.support.PathMatchingResourcePatternResolver]Searching directory [C:\Users\Administrator\Workspaces\MyEclipse 2016 CI\0514_DubboManager\0514_DubboManager_Dao\target\classes\com\offcn\mapper] for files matching pattern [C:/Users/Administrator/Workspaces/MyEclipse 2016 CI/0514_DubboManager/0514_DubboManager_Dao/target/classes/com/offcn/mapper/*.xml]
  [DEBUG] [2018-08-28 23:21:54][org.springframework.core.io.support.PathMatchingResourcePatternResolver]Resolved location pattern [classpath:com/offcn/mapper/*.xml] to resources [file [C:\Users\Administrator\Workspaces\MyEclipse 2016 CI\0514_DubboManager\0514_DubboManager_Dao\target\classes\com\offcn\mapper\GoodsDAO.xml]]
  [DEBUG] [2018-08-28 23:21:54][org.springframework.beans.factory.support.DefaultListableBeanFactory]Invoking afterPropertiesSet() on bean with name 'SqlSessionFactory'
  [DEBUG] [2018-08-28 23:21:55][org.apache.ibatis.io.VFS]Class not found: org.jboss.vfs.VFS
  [DEBUG] [2018-08-28 23:21:55][org.apache.ibatis.io.JBoss6VFS]JBoss 6 VFS API is not available in this environment.
  [DEBUG] [2018-08-28 23:21:55][org.apache.ibatis.io.VFS]Class not found: org.jboss.vfs.VirtualFile
  [DEBUG] [2018-08-28 23:21:55][org.apache.ibatis.io.VFS]VFS implementation org.apache.ibatis.io.JBoss6VFS is not valid in this environment.
  [DEBUG] [2018-08-28 23:21:55][org.apache.ibatis.io.VFS]Using VFS adapter org.apache.ibatis.io.DefaultVFS
  [DEBUG] [2018-08-28 23:21:55][org.apache.ibatis.io.DefaultVFS]Find JAR URL: file:/C:/Users/Administrator/Workspaces/MyEclipse%202016%20CI/0514_DubboManager/0514_DubboManager_Pojo/target/classes/com/offcn/po
  [DEBUG] [2018-08-28 23:21:55][org.apache.ibatis.io.DefaultVFS]Not a JAR: file:/C:/Users/Administrator/Workspaces/MyEclipse%202016%20CI/0514_DubboManager/0514_DubboManager_Pojo/target/classes/com/offcn/po
  [DEBUG] [2018-08-28 23:21:55][org.apache.ibatis.io.DefaultVFS]Reader entry: Goods.class
  [DEBUG] [2018-08-28 23:21:55][org.apache.ibatis.io.DefaultVFS]Listing file:/C:/Users/Administrator/Workspaces/MyEclipse%202016%20CI/0514_DubboManager/0514_DubboManager_Pojo/target/classes/com/offcn/po
  [DEBUG] [2018-08-28 23:21:55][org.apache.ibatis.io.DefaultVFS]Find JAR URL: file:/C:/Users/Administrator/Workspaces/MyEclipse%202016%20CI/0514_DubboManager/0514_DubboManager_Pojo/target/classes/com/offcn/po/Goods.class
  [DEBUG] [2018-08-28 23:21:55][org.apache.ibatis.io.DefaultVFS]Not a JAR: file:/C:/Users/Administrator/Workspaces/MyEclipse%202016%20CI/0514_DubboManager/0514_DubboManager_Pojo/target/classes/com/offcn/po/Goods.class
  [DEBUG] [2018-08-28 23:21:55][org.apache.ibatis.io.DefaultVFS]Reader entry: Êþº¾   4 T
  [DEBUG] [2018-08-28 23:21:55][org.apache.ibatis.io.ResolverUtil]Checking to see if class com.offcn.po.Goods matches criteria [is assignable to Object]
  [DEBUG] [2018-08-28 23:21:55][org.mybatis.spring.SqlSessionFactoryBean]Parsed configuration file: 'class path resource [mybatis-configuration.xml]'
  [DEBUG] [2018-08-28 23:21:55][org.mybatis.spring.SqlSessionFactoryBean]Parsed mapper file: 'file [C:\Users\Administrator\Workspaces\MyEclipse 2016 CI\0514_DubboManager\0514_DubboManager_Dao\target\classes\com\offcn\mapper\GoodsDAO.xml]'
  [DEBUG] [2018-08-28 23:21:55][org.springframework.beans.factory.support.DefaultListableBeanFactory]Finished creating instance of bean 'SqlSessionFactory'
  [DEBUG] [2018-08-28 23:21:55][org.springframework.beans.factory.support.DefaultListableBeanFactory]Returning cached instance of singleton bean 'org.mybatis.spring.mapper.MapperScannerConfigurer#0'
  [DEBUG] [2018-08-28 23:21:55][org.springframework.beans.factory.support.DefaultListableBeanFactory]Creating shared instance of singleton bean 'goodsDAO'
  [DEBUG] [2018-08-28 23:21:55][org.springframework.beans.factory.support.DefaultListableBeanFactory]Creating instance of bean 'goodsDAO'
  [DEBUG] [2018-08-28 23:21:55][org.springframework.beans.factory.support.DefaultListableBeanFactory]Eagerly caching bean 'goodsDAO' to allow for resolving potential circular references
  [DEBUG] [2018-08-28 23:21:55][org.springframework.beans.factory.support.DefaultListableBeanFactory]Returning cached instance of singleton bean 'SqlSessionFactory'
  [DEBUG] [2018-08-28 23:21:55][org.springframework.beans.factory.support.DefaultListableBeanFactory]Invoking afterPropertiesSet() on bean with name 'goodsDAO'
  [DEBUG] [2018-08-28 23:21:55][org.springframework.beans.factory.support.DefaultListableBeanFactory]Finished creating instance of bean 'goodsDAO'
  [DEBUG] [2018-08-28 23:21:55][org.springframework.beans.factory.support.DefaultListableBeanFactory]Returning cached instance of singleton bean 'org.springframework.context.annotation.internalConfigurationAnnotationProcessor'
  [DEBUG] [2018-08-28 23:21:55][org.springframework.beans.factory.support.DefaultListableBeanFactory]Returning cached instance of singleton bean 'org.springframework.context.annotation.internalAutowiredAnnotationProcessor'
  [DEBUG] [2018-08-28 23:21:55][org.springframework.beans.factory.support.DefaultListableBeanFactory]Returning cached instance of singleton bean 'org.springframework.context.annotation.internalRequiredAnnotationProcessor'
  [DEBUG] [2018-08-28 23:21:55][org.springframework.beans.factory.support.DefaultListableBeanFactory]Returning cached instance of singleton bean 'org.springframework.context.annotation.internalCommonAnnotationProcessor'
  [DEBUG] [2018-08-28 23:21:55][org.springframework.beans.factory.support.DefaultListableBeanFactory]Returning cached instance of singleton bean 'org.springframework.context.annotation.ConfigurationClassPostProcessor.importAwareProcessor'
  [DEBUG] [2018-08-28 23:21:55][org.springframework.beans.factory.support.DefaultListableBeanFactory]Returning cached instance of singleton bean 'org.springframework.context.annotation.ConfigurationClassPostProcessor.enhancedConfigurationProcessor'
  [DEBUG] [2018-08-28 23:21:55][org.springframework.context.support.ClassPathXmlApplicationContext]Unable to locate LifecycleProcessor with name 'lifecycleProcessor': using default [org.springframework.context.support.DefaultLifecycleProcessor@799f10e1]
  [DEBUG] [2018-08-28 23:21:55][org.springframework.beans.factory.support.DefaultListableBeanFactory]Returning cached instance of singleton bean 'lifecycleProcessor'
  [DEBUG] [2018-08-28 23:21:55][org.springframework.beans.factory.support.DefaultListableBeanFactory]Returning cached instance of singleton bean 'SqlSessionFactory'
  [DEBUG] [2018-08-28 23:21:55][org.springframework.core.env.PropertySourcesPropertyResolver]Searching for key 'spring.liveBeansView.mbeanDomain' in [systemProperties]
  [DEBUG] [2018-08-28 23:21:55][org.springframework.core.env.PropertySourcesPropertyResolver]Searching for key 'spring.liveBeansView.mbeanDomain' in [systemEnvironment]
  [DEBUG] [2018-08-28 23:21:55][org.springframework.core.env.PropertySourcesPropertyResolver]Could not find key 'spring.liveBeansView.mbeanDomain' in any property source. Returning [null]
  [DEBUG] [2018-08-28 23:21:55][org.springframework.beans.factory.support.DefaultListableBeanFactory]Returning cached instance of singleton bean 'goodsDAO'
  [DEBUG] [2018-08-28 23:21:55][org.mybatis.spring.SqlSessionUtils]Creating a new SqlSession
  [DEBUG] [2018-08-28 23:21:55][org.mybatis.spring.SqlSessionUtils]SqlSession [org.apache.ibatis.session.defaults.DefaultSqlSession@5b7a5baa] was not registered for synchronization because synchronization is not active
  [DEBUG] [2018-08-28 23:21:55][org.springframework.jdbc.datasource.DataSourceUtils]Fetching JDBC Connection from DataSource
  [DEBUG] [2018-08-28 23:21:55][org.mybatis.spring.transaction.SpringManagedTransaction]JDBC Connection [jdbc:mysql://localhost:3306/0514_db, UserName=root@localhost, MySQL Connector Java] will not be managed by Spring
  [DEBUG] [2018-08-28 23:21:55][com.offcn.mapper.GoodsDAO.getGoodsCount]==>  Preparing: select count(*) from goods 
  [DEBUG] [2018-08-28 23:21:55][com.offcn.mapper.GoodsDAO.getGoodsCount]==> Parameters: 
  [DEBUG] [2018-08-28 23:21:55][com.offcn.mapper.GoodsDAO.getGoodsCount]<==      Total: 1
  [DEBUG] [2018-08-28 23:21:55][org.mybatis.spring.transaction.SpringManagedTransaction]Committing JDBC Connection [jdbc:mysql://localhost:3306/0514_db, UserName=root@localhost, MySQL Connector Java]
  [DEBUG] [2018-08-28 23:21:55][org.mybatis.spring.SqlSessionUtils]Closing non transactional SqlSession [org.apache.ibatis.session.defaults.DefaultSqlSession@5b7a5baa]
  [DEBUG] [2018-08-28 23:21:55][org.springframework.jdbc.datasource.DataSourceUtils]Returning JDBC Connection to DataSource
  [DEBUG] [2018-08-29 00:23:38][org.springframework.core.env.StandardEnvironment]Adding [systemProperties] PropertySource with lowest search precedence
  [DEBUG] [2018-08-29 00:23:38][org.springframework.core.env.StandardEnvironment]Adding [systemEnvironment] PropertySource with lowest search precedence
  [DEBUG] [2018-08-29 00:23:38][org.springframework.core.env.StandardEnvironment]Initialized StandardEnvironment with PropertySources [systemProperties,systemEnvironment]
  [INFO] [2018-08-29 00:23:38][org.springframework.context.support.ClassPathXmlApplicationContext]Refreshing org.springframework.context.support.ClassPathXmlApplicationContext@75a1cd57: startup date [Wed Aug 29 00:23:38 CST 2018]; root of context hierarchy
  [DEBUG] [2018-08-29 00:23:39][org.springframework.core.env.StandardEnvironment]Adding [systemProperties] PropertySource with lowest search precedence
  [DEBUG] [2018-08-29 00:23:39][org.springframework.core.env.StandardEnvironment]Adding [systemEnvironment] PropertySource with lowest search precedence
  [DEBUG] [2018-08-29 00:23:39][org.springframework.core.env.StandardEnvironment]Initialized StandardEnvironment with PropertySources [systemProperties,systemEnvironment]
  [INFO] [2018-08-29 00:23:39][org.springframework.beans.factory.xml.XmlBeanDefinitionReader]Loading XML bean definitions from class path resource [spring-dao.xml]
  [DEBUG] [2018-08-29 00:23:39][org.springframework.beans.factory.xml.DefaultDocumentLoader]Using JAXP provider [com.sun.org.apache.xerces.internal.jaxp.DocumentBuilderFactoryImpl]
  [DEBUG] [2018-08-29 00:23:39][org.springframework.beans.factory.xml.PluggableSchemaResolver]Loading schema mappings from [META-INF/spring.schemas]
  [DEBUG] [2018-08-29 00:23:39][org.springframework.beans.factory.xml.PluggableSchemaResolver]Loaded schema mappings: {http://www.springframework.org/schema/tx/spring-tx-2.5.xsd=org/springframework/transaction/config/spring-tx-2.5.xsd, http://www.springframework.org/schema/aop/spring-aop-4.1.xsd=org/springframework/aop/config/spring-aop-4.1.xsd, http://www.springframework.org/schema/context/spring-context-3.1.xsd=org/springframework/context/config/spring-context-3.1.xsd, http://www.springframework.org/schema/jdbc/spring-jdbc-4.1.xsd=org/springframework/jdbc/config/spring-jdbc-4.1.xsd, http://www.springframework.org/schema/util/spring-util-3.0.xsd=org/springframework/beans/factory/xml/spring-util-3.0.xsd, http://www.springframework.org/schema/tool/spring-tool.xsd=org/springframework/beans/factory/xml/spring-tool-4.1.xsd, http://www.springframework.org/schema/aop/spring-aop-3.2.xsd=org/springframework/aop/config/spring-aop-3.2.xsd, http://mybatis.org/schema/mybatis-spring-1.2.xsd=org/mybatis/spring/config/mybatis-spring-1.2.xsd, http://www.springframework.org/schema/lang/spring-lang-4.1.xsd=org/springframework/scripting/config/spring-lang-4.1.xsd, http://www.springframework.org/schema/context/spring-context-4.0.xsd=org/springframework/context/config/spring-context-4.0.xsd, http://www.springframework.org/schema/tool/spring-tool-4.1.xsd=org/springframework/beans/factory/xml/spring-tool-4.1.xsd, http://www.springframework.org/schema/lang/spring-lang-3.2.xsd=org/springframework/scripting/config/spring-lang-3.2.xsd, http://www.springframework.org/schema/cache/spring-cache-3.2.xsd=org/springframework/cache/config/spring-cache-3.2.xsd, http://www.springframework.org/schema/jee/spring-jee-4.1.xsd=org/springframework/ejb/config/spring-jee-4.1.xsd, http://www.springframework.org/schema/jdbc/spring-jdbc-3.1.xsd=org/springframework/jdbc/config/spring-jdbc-3.1.xsd, http://www.springframework.org/schema/util/spring-util-2.0.xsd=org/springframework/beans/factory/xml/spring-util-2.0.xsd, http://www.springframework.org/schema/tool/spring-tool-3.2.xsd=org/springframework/beans/factory/xml/spring-tool-3.2.xsd, http://www.springframework.org/schema/context/spring-context.xsd=org/springframework/context/config/spring-context-4.1.xsd, http://www.springframework.org/schema/cache/spring-cache-4.1.xsd=org/springframework/cache/config/spring-cache-4.1.xsd, http://www.springframework.org/schema/aop/spring-aop-4.0.xsd=org/springframework/aop/config/spring-aop-4.0.xsd, http://www.springframework.org/schema/jee/spring-jee-3.2.xsd=org/springframework/ejb/config/spring-jee-3.2.xsd, http://www.springframework.org/schema/context/spring-context-3.0.xsd=org/springframework/context/config/spring-context-3.0.xsd, http://www.springframework.org/schema/jdbc/spring-jdbc-4.0.xsd=org/springframework/jdbc/config/spring-jdbc-4.0.xsd, http://www.springframework.org/schema/util/spring-util-2.5.xsd=org/springframework/beans/factory/xml/spring-util-2.5.xsd, http://www.springframework.org/schema/beans/spring-beans-3.2.xsd=org/springframework/beans/factory/xml/spring-beans-3.2.xsd, http://www.springframework.org/schema/aop/spring-aop-3.1.xsd=org/springframework/aop/config/spring-aop-3.1.xsd, http://www.springframework.org/schema/lang/spring-lang-4.0.xsd=org/springframework/scripting/config/spring-lang-4.0.xsd, http://www.springframework.org/schema/beans/spring-beans-4.1.xsd=org/springframework/beans/factory/xml/spring-beans-4.1.xsd, http://www.springframework.org/schema/tool/spring-tool-4.0.xsd=org/springframework/beans/factory/xml/spring-tool-4.0.xsd, http://www.springframework.org/schema/tx/spring-tx-3.2.xsd=org/springframework/transaction/config/spring-tx-3.2.xsd, http://www.springframework.org/schema/lang/spring-lang-3.1.xsd=org/springframework/scripting/config/spring-lang-3.1.xsd, http://www.springframework.org/schema/cache/spring-cache-3.1.xsd=org/springframework/cache/config/spring-cache-3.1.xsd, http://www.springframework.org/schema/jee/spring-jee-4.0.xsd=org/springframework/ejb/config/spring-jee-4.0.xsd, http://www.springframework.org/schema/jdbc/spring-jdbc-3.0.xsd=org/springframework/jdbc/config/spring-jdbc-3.0.xsd, http://www.springframework.org/schema/task/spring-task-4.1.xsd=org/springframework/scheduling/config/spring-task-4.1.xsd, http://www.springframework.org/schema/jdbc/spring-jdbc.xsd=org/springframework/jdbc/config/spring-jdbc-4.1.xsd, http://www.springframework.org/schema/tool/spring-tool-3.1.xsd=org/springframework/beans/factory/xml/spring-tool-3.1.xsd, http://www.springframework.org/schema/tx/spring-tx-4.1.xsd=org/springframework/transaction/config/spring-tx-4.1.xsd, http://www.springframework.org/schema/cache/spring-cache-4.0.xsd=org/springframework/cache/config/spring-cache-4.0.xsd, http://www.springframework.org/schema/jee/spring-jee-3.1.xsd=org/springframework/ejb/config/spring-jee-3.1.xsd, http://www.springframework.org/schema/task/spring-task-3.2.xsd=org/springframework/scheduling/config/spring-task-3.2.xsd, http://www.springframework.org/schema/beans/spring-beans-3.1.xsd=org/springframework/beans/factory/xml/spring-beans-3.1.xsd, http://www.springframework.org/schema/util/spring-util.xsd=org/springframework/beans/factory/xml/spring-util-4.1.xsd, http://www.springframework.org/schema/aop/spring-aop-3.0.xsd=org/springframework/aop/config/spring-aop-3.0.xsd, http://www.springframework.org/schema/beans/spring-beans-4.0.xsd=org/springframework/beans/factory/xml/spring-beans-4.0.xsd, http://www.springframework.org/schema/beans/spring-beans.xsd=org/springframework/beans/factory/xml/spring-beans-4.1.xsd, http://www.springframework.org/schema/tx/spring-tx-3.1.xsd=org/springframework/transaction/config/spring-tx-3.1.xsd, http://www.springframework.org/schema/lang/spring-lang-3.0.xsd=org/springframework/scripting/config/spring-lang-3.0.xsd, http://mybatis.org/schema/mybatis-spring.xsd=org/mybatis/spring/config/mybatis-spring-1.2.xsd, http://www.springframework.org/schema/context/spring-context-2.5.xsd=org/springframework/context/config/spring-context-2.5.xsd, http://www.springframework.org/schema/task/spring-task-4.0.xsd=org/springframework/scheduling/config/spring-task-4.0.xsd, http://www.springframework.org/schema/tool/spring-tool-3.0.xsd=org/springframework/beans/factory/xml/spring-tool-3.0.xsd, http://www.springframework.org/schema/tx/spring-tx-4.0.xsd=org/springframework/transaction/config/spring-tx-4.0.xsd, http://www.springframework.org/schema/aop/spring-aop-2.0.xsd=org/springframework/aop/config/spring-aop-2.0.xsd, http://www.springframework.org/schema/jee/spring-jee-3.0.xsd=org/springframework/ejb/config/spring-jee-3.0.xsd, http://www.springframework.org/schema/util/spring-util-4.1.xsd=org/springframework/beans/factory/xml/spring-util-4.1.xsd, http://www.springframework.org/schema/task/spring-task-3.1.xsd=org/springframework/scheduling/config/spring-task-3.1.xsd, http://www.springframework.org/schema/beans/spring-beans-3.0.xsd=org/springframework/beans/factory/xml/spring-beans-3.0.xsd, http://www.springframework.org/schema/jee/spring-jee.xsd=org/springframework/ejb/config/spring-jee-4.1.xsd, http://www.springframework.org/schema/aop/spring-aop-2.5.xsd=org/springframework/aop/config/spring-aop-2.5.xsd, http://www.springframework.org/schema/lang/spring-lang-2.0.xsd=org/springframework/scripting/config/spring-lang-2.0.xsd, http://www.springframework.org/schema/util/spring-util-3.2.xsd=org/springframework/beans/factory/xml/spring-util-3.2.xsd, http://www.springframework.org/schema/task/spring-task.xsd=org/springframework/scheduling/config/spring-task-4.1.xsd, http://www.springframework.org/schema/tool/spring-tool-2.0.xsd=org/springframework/beans/factory/xml/spring-tool-2.0.xsd, http://www.springframework.org/schema/tx/spring-tx-3.0.xsd=org/springframework/transaction/config/spring-tx-3.0.xsd, http://www.springframework.org/schema/lang/spring-lang-2.5.xsd=org/springframework/scripting/config/spring-lang-2.5.xsd, http://www.springframework.org/schema/jee/spring-jee-2.0.xsd=org/springframework/ejb/config/spring-jee-2.0.xsd, http://www.springframework.org/schema/tool/spring-tool-2.5.xsd=org/springframework/beans/factory/xml/spring-tool-2.5.xsd, http://www.springframework.org/schema/jee/spring-jee-2.5.xsd=org/springframework/ejb/config/spring-jee-2.5.xsd, http://www.springframework.org/schema/util/spring-util-4.0.xsd=org/springframework/beans/factory/xml/spring-util-4.0.xsd, http://www.springframework.org/schema/task/spring-task-3.0.xsd=org/springframework/scheduling/config/spring-task-3.0.xsd, http://www.springframework.org/schema/lang/spring-lang.xsd=org/springframework/scripting/config/spring-lang-4.1.xsd, http://www.springframework.org/schema/context/spring-context-3.2.xsd=org/springframework/context/config/spring-context-3.2.xsd, http://www.springframework.org/schema/util/spring-util-3.1.xsd=org/springframework/beans/factory/xml/spring-util-3.1.xsd, http://www.springframework.org/schema/beans/spring-beans-2.0.xsd=org/springframework/beans/factory/xml/spring-beans-2.0.xsd, http://www.springframework.org/schema/cache/spring-cache.xsd=org/springframework/cache/config/spring-cache-4.1.xsd, http://www.springframework.org/schema/tx/spring-tx.xsd=org/springframework/transaction/config/spring-tx-4.1.xsd, http://www.springframework.org/schema/context/spring-context-4.1.xsd=org/springframework/context/config/spring-context-4.1.xsd, http://www.springframework.org/schema/beans/spring-beans-2.5.xsd=org/springframework/beans/factory/xml/spring-beans-2.5.xsd, http://www.springframework.org/schema/tx/spring-tx-2.0.xsd=org/springframework/transaction/config/spring-tx-2.0.xsd, http://www.springframework.org/schema/jdbc/spring-jdbc-3.2.xsd=org/springframework/jdbc/config/spring-jdbc-3.2.xsd, http://www.springframework.org/schema/aop/spring-aop.xsd=org/springframework/aop/config/spring-aop-4.1.xsd}
  [DEBUG] [2018-08-29 00:23:39][org.springframework.beans.factory.xml.PluggableSchemaResolver]Found XML schema [http://www.springframework.org/schema/beans/spring-beans.xsd] in classpath: org/springframework/beans/factory/xml/spring-beans-4.1.xsd
  [DEBUG] [2018-08-29 00:23:39][org.springframework.beans.factory.xml.PluggableSchemaResolver]Found XML schema [http://www.springframework.org/schema/context/spring-context.xsd] in classpath: org/springframework/context/config/spring-context-4.1.xsd
  [DEBUG] [2018-08-29 00:23:39][org.springframework.beans.factory.xml.PluggableSchemaResolver]Found XML schema [http://www.springframework.org/schema/tool/spring-tool-4.1.xsd] in classpath: org/springframework/beans/factory/xml/spring-tool-4.1.xsd
  [DEBUG] [2018-08-29 00:23:39][org.springframework.beans.factory.xml.DefaultBeanDefinitionDocumentReader]Loading bean definitions
  [DEBUG] [2018-08-29 00:23:39][org.springframework.beans.factory.xml.DefaultNamespaceHandlerResolver]Loaded NamespaceHandler mappings: {http://www.springframework.org/schema/p=org.springframework.beans.factory.xml.SimplePropertyNamespaceHandler, http://www.springframework.org/schema/util=org.springframework.beans.factory.xml.UtilNamespaceHandler, http://www.springframework.org/schema/jee=org.springframework.ejb.config.JeeNamespaceHandler, http://www.springframework.org/schema/aop=org.springframework.aop.config.AopNamespaceHandler, http://www.springframework.org/schema/jdbc=org.springframework.jdbc.config.JdbcNamespaceHandler, http://www.springframework.org/schema/cache=org.springframework.cache.config.CacheNamespaceHandler, http://mybatis.org/schema/mybatis-spring=org.mybatis.spring.config.NamespaceHandler, http://www.springframework.org/schema/c=org.springframework.beans.factory.xml.SimpleConstructorNamespaceHandler, http://www.springframework.org/schema/tx=org.springframework.transaction.config.TxNamespaceHandler, http://www.springframework.org/schema/task=org.springframework.scheduling.config.TaskNamespaceHandler, http://www.springframework.org/schema/lang=org.springframework.scripting.config.LangNamespaceHandler, http://www.springframework.org/schema/context=org.springframework.context.config.ContextNamespaceHandler}
  [DEBUG] [2018-08-29 00:23:39][org.springframework.beans.factory.xml.BeanDefinitionParserDelegate]Neither XML 'id' nor 'name' specified - using generated bean name [org.mybatis.spring.mapper.MapperScannerConfigurer#0]
  [DEBUG] [2018-08-29 00:23:39][org.springframework.beans.factory.xml.XmlBeanDefinitionReader]Loaded 4 bean definitions from location pattern [spring-dao.xml]
  [DEBUG] [2018-08-29 00:23:39][org.springframework.context.support.ClassPathXmlApplicationContext]Bean factory for org.springframework.context.support.ClassPathXmlApplicationContext@75a1cd57: org.springframework.beans.factory.support.DefaultListableBeanFactory@1a968a59: defining beans [org.springframework.context.support.PropertySourcesPlaceholderConfigurer#0,dataSource,SqlSessionFactory,org.mybatis.spring.mapper.MapperScannerConfigurer#0]; root of factory hierarchy
  [DEBUG] [2018-08-29 00:23:39][org.springframework.beans.factory.support.DefaultListableBeanFactory]Creating shared instance of singleton bean 'org.mybatis.spring.mapper.MapperScannerConfigurer#0'
  [DEBUG] [2018-08-29 00:23:39][org.springframework.beans.factory.support.DefaultListableBeanFactory]Creating instance of bean 'org.mybatis.spring.mapper.MapperScannerConfigurer#0'
  [DEBUG] [2018-08-29 00:23:39][org.springframework.beans.factory.support.DefaultListableBeanFactory]Eagerly caching bean 'org.mybatis.spring.mapper.MapperScannerConfigurer#0' to allow for resolving potential circular references
  [DEBUG] [2018-08-29 00:23:39][org.springframework.beans.factory.support.DefaultListableBeanFactory]Invoking afterPropertiesSet() on bean with name 'org.mybatis.spring.mapper.MapperScannerConfigurer#0'
  [DEBUG] [2018-08-29 00:23:39][org.springframework.beans.factory.support.DefaultListableBeanFactory]Finished creating instance of bean 'org.mybatis.spring.mapper.MapperScannerConfigurer#0'
  [DEBUG] [2018-08-29 00:23:39][org.springframework.core.env.StandardEnvironment]Adding [systemProperties] PropertySource with lowest search precedence
  [DEBUG] [2018-08-29 00:23:39][org.springframework.core.env.StandardEnvironment]Adding [systemEnvironment] PropertySource with lowest search precedence
  [DEBUG] [2018-08-29 00:23:39][org.springframework.core.env.StandardEnvironment]Initialized StandardEnvironment with PropertySources [systemProperties,systemEnvironment]
  [DEBUG] [2018-08-29 00:23:39][org.springframework.core.io.support.PathMatchingResourcePatternResolver]Looking for matching resources in directory tree [C:\Users\Administrator\Workspaces\MyEclipse 2016 CI\0514_DubboManager\0514_DubboManager_Dao\target\classes\com\offcn\mapper]
  [DEBUG] [2018-08-29 00:23:39][org.springframework.core.io.support.PathMatchingResourcePatternResolver]Searching directory [C:\Users\Administrator\Workspaces\MyEclipse 2016 CI\0514_DubboManager\0514_DubboManager_Dao\target\classes\com\offcn\mapper] for files matching pattern [C:/Users/Administrator/Workspaces/MyEclipse 2016 CI/0514_DubboManager/0514_DubboManager_Dao/target/classes/com/offcn/mapper/**/*.class]
  [DEBUG] [2018-08-29 00:23:39][org.springframework.core.io.support.PathMatchingResourcePatternResolver]Resolved location pattern [classpath*:com/offcn/mapper/**/*.class] to resources [file [C:\Users\Administrator\Workspaces\MyEclipse 2016 CI\0514_DubboManager\0514_DubboManager_Dao\target\classes\com\offcn\mapper\GoodsDAO.class]]
  [DEBUG] [2018-08-29 00:23:39][org.mybatis.spring.mapper.ClassPathMapperScanner]Identified candidate component class: file [C:\Users\Administrator\Workspaces\MyEclipse 2016 CI\0514_DubboManager\0514_DubboManager_Dao\target\classes\com\offcn\mapper\GoodsDAO.class]
  [DEBUG] [2018-08-29 00:23:39][org.mybatis.spring.mapper.ClassPathMapperScanner]Creating MapperFactoryBean with name 'goodsDAO' and 'com.offcn.mapper.GoodsDAO' mapperInterface
  [DEBUG] [2018-08-29 00:23:39][org.springframework.beans.factory.support.DefaultListableBeanFactory]Creating shared instance of singleton bean 'org.springframework.context.annotation.internalConfigurationAnnotationProcessor'
  [DEBUG] [2018-08-29 00:23:39][org.springframework.beans.factory.support.DefaultListableBeanFactory]Creating instance of bean 'org.springframework.context.annotation.internalConfigurationAnnotationProcessor'
  [DEBUG] [2018-08-29 00:23:39][org.springframework.beans.factory.support.DefaultListableBeanFactory]Eagerly caching bean 'org.springframework.context.annotation.internalConfigurationAnnotationProcessor' to allow for resolving potential circular references
  [DEBUG] [2018-08-29 00:23:39][org.springframework.beans.factory.support.DefaultListableBeanFactory]Finished creating instance of bean 'org.springframework.context.annotation.internalConfigurationAnnotationProcessor'
  [DEBUG] [2018-08-29 00:23:39][org.springframework.beans.factory.support.DefaultListableBeanFactory]Creating shared instance of singleton bean 'org.springframework.context.support.PropertySourcesPlaceholderConfigurer#0'
  [DEBUG] [2018-08-29 00:23:39][org.springframework.beans.factory.support.DefaultListableBeanFactory]Creating instance of bean 'org.springframework.context.support.PropertySourcesPlaceholderConfigurer#0'
  [DEBUG] [2018-08-29 00:23:39][org.springframework.beans.factory.support.DefaultListableBeanFactory]Eagerly caching bean 'org.springframework.context.support.PropertySourcesPlaceholderConfigurer#0' to allow for resolving potential circular references
  [DEBUG] [2018-08-29 00:23:39][org.springframework.beans.factory.support.DefaultListableBeanFactory]Finished creating instance of bean 'org.springframework.context.support.PropertySourcesPlaceholderConfigurer#0'
  [DEBUG] [2018-08-29 00:23:39][org.springframework.core.env.MutablePropertySources]Adding [environmentProperties] PropertySource with lowest search precedence
  [INFO] [2018-08-29 00:23:39][org.springframework.context.support.PropertySourcesPlaceholderConfigurer]Loading properties file from class path resource [jdbc.properties]
  [DEBUG] [2018-08-29 00:23:39][org.springframework.core.env.MutablePropertySources]Adding [localProperties] PropertySource with lowest search precedence
  [DEBUG] [2018-08-29 00:23:39][org.springframework.core.env.PropertySourcesPropertyResolver]Searching for key 'jdbc.driverClassName' in [environmentProperties]
  [DEBUG] [2018-08-29 00:23:39][org.springframework.core.env.PropertySourcesPropertyResolver]Searching for key 'jdbc.driverClassName' in [systemProperties]
  [DEBUG] [2018-08-29 00:23:39][org.springframework.core.env.PropertySourcesPropertyResolver]Searching for key 'jdbc.driverClassName' in [systemEnvironment]
  [DEBUG] [2018-08-29 00:23:39][org.springframework.core.env.PropertySourcesPropertyResolver]Could not find key 'jdbc.driverClassName' in any property source. Returning [null]
  [DEBUG] [2018-08-29 00:23:39][org.springframework.core.env.PropertySourcesPropertyResolver]Searching for key 'jdbc.driverClassName' in [localProperties]
  [DEBUG] [2018-08-29 00:23:39][org.springframework.core.env.PropertySourcesPropertyResolver]Found key 'jdbc.driverClassName' in [localProperties] with type [String] and value 'com.mysql.jdbc.Driver'
  [DEBUG] [2018-08-29 00:23:39][org.springframework.core.env.PropertySourcesPropertyResolver]Searching for key 'jdbc.url' in [environmentProperties]
  [DEBUG] [2018-08-29 00:23:39][org.springframework.core.env.PropertySourcesPropertyResolver]Searching for key 'jdbc.url' in [systemProperties]
  [DEBUG] [2018-08-29 00:23:39][org.springframework.core.env.PropertySourcesPropertyResolver]Searching for key 'jdbc.url' in [systemEnvironment]
  [DEBUG] [2018-08-29 00:23:39][org.springframework.core.env.PropertySourcesPropertyResolver]Could not find key 'jdbc.url' in any property source. Returning [null]
  [DEBUG] [2018-08-29 00:23:39][org.springframework.core.env.PropertySourcesPropertyResolver]Searching for key 'jdbc.url' in [localProperties]
  [DEBUG] [2018-08-29 00:23:39][org.springframework.core.env.PropertySourcesPropertyResolver]Found key 'jdbc.url' in [localProperties] with type [String] and value 'jdbc:mysql://localhost:3306/0514_db'
  [DEBUG] [2018-08-29 00:23:39][org.springframework.core.env.PropertySourcesPropertyResolver]Searching for key 'jdbc.username' in [environmentProperties]
  [DEBUG] [2018-08-29 00:23:39][org.springframework.core.env.PropertySourcesPropertyResolver]Searching for key 'jdbc.username' in [systemProperties]
  [DEBUG] [2018-08-29 00:23:39][org.springframework.core.env.PropertySourcesPropertyResolver]Searching for key 'jdbc.username' in [systemEnvironment]
  [DEBUG] [2018-08-29 00:23:39][org.springframework.core.env.PropertySourcesPropertyResolver]Could not find key 'jdbc.username' in any property source. Returning [null]
  [DEBUG] [2018-08-29 00:23:39][org.springframework.core.env.PropertySourcesPropertyResolver]Searching for key 'jdbc.username' in [localProperties]
  [DEBUG] [2018-08-29 00:23:39][org.springframework.core.env.PropertySourcesPropertyResolver]Found key 'jdbc.username' in [localProperties] with type [String] and value 'root'
  [DEBUG] [2018-08-29 00:23:39][org.springframework.core.env.PropertySourcesPropertyResolver]Searching for key 'jdbc.password' in [environmentProperties]
  [DEBUG] [2018-08-29 00:23:39][org.springframework.core.env.PropertySourcesPropertyResolver]Searching for key 'jdbc.password' in [systemProperties]
  [DEBUG] [2018-08-29 00:23:39][org.springframework.core.env.PropertySourcesPropertyResolver]Searching for key 'jdbc.password' in [systemEnvironment]
  [DEBUG] [2018-08-29 00:23:39][org.springframework.core.env.PropertySourcesPropertyResolver]Could not find key 'jdbc.password' in any property source. Returning [null]
  [DEBUG] [2018-08-29 00:23:39][org.springframework.core.env.PropertySourcesPropertyResolver]Searching for key 'jdbc.password' in [localProperties]
  [DEBUG] [2018-08-29 00:23:39][org.springframework.core.env.PropertySourcesPropertyResolver]Found key 'jdbc.password' in [localProperties] with type [String] and value 'root'
  [DEBUG] [2018-08-29 00:23:39][org.springframework.beans.factory.support.DefaultListableBeanFactory]Creating shared instance of singleton bean 'org.springframework.context.annotation.internalAutowiredAnnotationProcessor'
  [DEBUG] [2018-08-29 00:23:39][org.springframework.beans.factory.support.DefaultListableBeanFactory]Creating instance of bean 'org.springframework.context.annotation.internalAutowiredAnnotationProcessor'
  [DEBUG] [2018-08-29 00:23:39][org.springframework.beans.factory.support.DefaultListableBeanFactory]Eagerly caching bean 'org.springframework.context.annotation.internalAutowiredAnnotationProcessor' to allow for resolving potential circular references
  [DEBUG] [2018-08-29 00:23:39][org.springframework.beans.factory.support.DefaultListableBeanFactory]Finished creating instance of bean 'org.springframework.context.annotation.internalAutowiredAnnotationProcessor'
  [DEBUG] [2018-08-29 00:23:39][org.springframework.beans.factory.support.DefaultListableBeanFactory]Creating shared instance of singleton bean 'org.springframework.context.annotation.internalRequiredAnnotationProcessor'
  [DEBUG] [2018-08-29 00:23:39][org.springframework.beans.factory.support.DefaultListableBeanFactory]Creating instance of bean 'org.springframework.context.annotation.internalRequiredAnnotationProcessor'
  [DEBUG] [2018-08-29 00:23:39][org.springframework.beans.factory.support.DefaultListableBeanFactory]Eagerly caching bean 'org.springframework.context.annotation.internalRequiredAnnotationProcessor' to allow for resolving potential circular references
  [DEBUG] [2018-08-29 00:23:39][org.springframework.beans.factory.support.DefaultListableBeanFactory]Finished creating instance of bean 'org.springframework.context.annotation.internalRequiredAnnotationProcessor'
  [DEBUG] [2018-08-29 00:23:39][org.springframework.beans.factory.support.DefaultListableBeanFactory]Creating shared instance of singleton bean 'org.springframework.context.annotation.internalCommonAnnotationProcessor'
  [DEBUG] [2018-08-29 00:23:39][org.springframework.beans.factory.support.DefaultListableBeanFactory]Creating instance of bean 'org.springframework.context.annotation.internalCommonAnnotationProcessor'
  [DEBUG] [2018-08-29 00:23:39][org.springframework.beans.factory.support.DefaultListableBeanFactory]Eagerly caching bean 'org.springframework.context.annotation.internalCommonAnnotationProcessor' to allow for resolving potential circular references
  [DEBUG] [2018-08-29 00:23:39][org.springframework.beans.factory.support.DefaultListableBeanFactory]Finished creating instance of bean 'org.springframework.context.annotation.internalCommonAnnotationProcessor'
  [DEBUG] [2018-08-29 00:23:39][org.springframework.beans.factory.support.DefaultListableBeanFactory]Creating shared instance of singleton bean 'org.springframework.context.annotation.ConfigurationClassPostProcessor.importAwareProcessor'
  [DEBUG] [2018-08-29 00:23:39][org.springframework.beans.factory.support.DefaultListableBeanFactory]Creating instance of bean 'org.springframework.context.annotation.ConfigurationClassPostProcessor.importAwareProcessor'
  [DEBUG] [2018-08-29 00:23:39][org.springframework.beans.factory.support.DefaultListableBeanFactory]Eagerly caching bean 'org.springframework.context.annotation.ConfigurationClassPostProcessor.importAwareProcessor' to allow for resolving potential circular references
  [DEBUG] [2018-08-29 00:23:39][org.springframework.beans.factory.support.DefaultListableBeanFactory]Finished creating instance of bean 'org.springframework.context.annotation.ConfigurationClassPostProcessor.importAwareProcessor'
  [DEBUG] [2018-08-29 00:23:39][org.springframework.beans.factory.support.DefaultListableBeanFactory]Creating shared instance of singleton bean 'org.springframework.context.annotation.ConfigurationClassPostProcessor.enhancedConfigurationProcessor'
  [DEBUG] [2018-08-29 00:23:39][org.springframework.beans.factory.support.DefaultListableBeanFactory]Creating instance of bean 'org.springframework.context.annotation.ConfigurationClassPostProcessor.enhancedConfigurationProcessor'
  [DEBUG] [2018-08-29 00:23:39][org.springframework.beans.factory.support.DefaultListableBeanFactory]Eagerly caching bean 'org.springframework.context.annotation.ConfigurationClassPostProcessor.enhancedConfigurationProcessor' to allow for resolving potential circular references
  [DEBUG] [2018-08-29 00:23:39][org.springframework.beans.factory.support.DefaultListableBeanFactory]Finished creating instance of bean 'org.springframework.context.annotation.ConfigurationClassPostProcessor.enhancedConfigurationProcessor'
  [DEBUG] [2018-08-29 00:23:39][org.springframework.context.support.ClassPathXmlApplicationContext]Unable to locate MessageSource with name 'messageSource': using default [org.springframework.context.support.DelegatingMessageSource@6c9f5c0d]
  [DEBUG] [2018-08-29 00:23:39][org.springframework.context.support.ClassPathXmlApplicationContext]Unable to locate ApplicationEventMulticaster with name 'applicationEventMulticaster': using default [org.springframework.context.event.SimpleApplicationEventMulticaster@3bd94634]
  [DEBUG] [2018-08-29 00:23:39][org.springframework.beans.factory.support.DefaultListableBeanFactory]Pre-instantiating singletons in org.springframework.beans.factory.support.DefaultListableBeanFactory@1a968a59: defining beans [org.springframework.context.support.PropertySourcesPlaceholderConfigurer#0,dataSource,SqlSessionFactory,org.mybatis.spring.mapper.MapperScannerConfigurer#0,goodsDAO,org.springframework.context.annotation.internalConfigurationAnnotationProcessor,org.springframework.context.annotation.internalAutowiredAnnotationProcessor,org.springframework.context.annotation.internalRequiredAnnotationProcessor,org.springframework.context.annotation.internalCommonAnnotationProcessor,org.springframework.context.annotation.ConfigurationClassPostProcessor.importAwareProcessor,org.springframework.context.annotation.ConfigurationClassPostProcessor.enhancedConfigurationProcessor]; root of factory hierarchy
  [DEBUG] [2018-08-29 00:23:39][org.springframework.beans.factory.support.DefaultListableBeanFactory]Returning cached instance of singleton bean 'org.springframework.context.support.PropertySourcesPlaceholderConfigurer#0'
  [DEBUG] [2018-08-29 00:23:39][org.springframework.beans.factory.support.DefaultListableBeanFactory]Creating shared instance of singleton bean 'dataSource'
  [DEBUG] [2018-08-29 00:23:39][org.springframework.beans.factory.support.DefaultListableBeanFactory]Creating instance of bean 'dataSource'
  [DEBUG] [2018-08-29 00:23:39][org.springframework.beans.factory.support.DefaultListableBeanFactory]Eagerly caching bean 'dataSource' to allow for resolving potential circular references
  [DEBUG] [2018-08-29 00:23:39][org.springframework.beans.factory.support.DefaultListableBeanFactory]Finished creating instance of bean 'dataSource'
  [DEBUG] [2018-08-29 00:23:39][org.springframework.beans.factory.support.DefaultListableBeanFactory]Creating shared instance of singleton bean 'SqlSessionFactory'
  [DEBUG] [2018-08-29 00:23:39][org.springframework.beans.factory.support.DefaultListableBeanFactory]Creating instance of bean 'SqlSessionFactory'
  [DEBUG] [2018-08-29 00:23:39][org.apache.ibatis.logging.LogFactory]Logging initialized using 'class org.apache.ibatis.logging.slf4j.Slf4jImpl' adapter.
  [DEBUG] [2018-08-29 00:23:39][org.springframework.beans.factory.support.DefaultListableBeanFactory]Eagerly caching bean 'SqlSessionFactory' to allow for resolving potential circular references
  [DEBUG] [2018-08-29 00:23:39][org.springframework.beans.factory.support.DefaultListableBeanFactory]Returning cached instance of singleton bean 'dataSource'
  [DEBUG] [2018-08-29 00:23:39][org.springframework.core.io.support.PathMatchingResourcePatternResolver]Looking for matching resources in directory tree [C:\Users\Administrator\Workspaces\MyEclipse 2016 CI\0514_DubboManager\0514_DubboManager_Dao\target\classes\com\offcn\mapper]
  [DEBUG] [2018-08-29 00:23:39][org.springframework.core.io.support.PathMatchingResourcePatternResolver]Searching directory [C:\Users\Administrator\Workspaces\MyEclipse 2016 CI\0514_DubboManager\0514_DubboManager_Dao\target\classes\com\offcn\mapper] for files matching pattern [C:/Users/Administrator/Workspaces/MyEclipse 2016 CI/0514_DubboManager/0514_DubboManager_Dao/target/classes/com/offcn/mapper/*.xml]
  [DEBUG] [2018-08-29 00:23:39][org.springframework.core.io.support.PathMatchingResourcePatternResolver]Resolved location pattern [classpath:com/offcn/mapper/*.xml] to resources [file [C:\Users\Administrator\Workspaces\MyEclipse 2016 CI\0514_DubboManager\0514_DubboManager_Dao\target\classes\com\offcn\mapper\GoodsDAO.xml]]
  [DEBUG] [2018-08-29 00:23:39][org.springframework.beans.factory.support.DefaultListableBeanFactory]Invoking afterPropertiesSet() on bean with name 'SqlSessionFactory'
  [DEBUG] [2018-08-29 00:23:39][org.apache.ibatis.io.VFS]Class not found: org.jboss.vfs.VFS
  [DEBUG] [2018-08-29 00:23:39][org.apache.ibatis.io.JBoss6VFS]JBoss 6 VFS API is not available in this environment.
  [DEBUG] [2018-08-29 00:23:39][org.apache.ibatis.io.VFS]Class not found: org.jboss.vfs.VirtualFile
  [DEBUG] [2018-08-29 00:23:39][org.apache.ibatis.io.VFS]VFS implementation org.apache.ibatis.io.JBoss6VFS is not valid in this environment.
  [DEBUG] [2018-08-29 00:23:39][org.apache.ibatis.io.VFS]Using VFS adapter org.apache.ibatis.io.DefaultVFS
  [DEBUG] [2018-08-29 00:23:39][org.apache.ibatis.io.DefaultVFS]Find JAR URL: file:/C:/Users/Administrator/Workspaces/MyEclipse%202016%20CI/0514_DubboManager/0514_DubboManager_Pojo/target/classes/com/offcn/po
  [DEBUG] [2018-08-29 00:23:39][org.apache.ibatis.io.DefaultVFS]Not a JAR: file:/C:/Users/Administrator/Workspaces/MyEclipse%202016%20CI/0514_DubboManager/0514_DubboManager_Pojo/target/classes/com/offcn/po
  [DEBUG] [2018-08-29 00:23:39][org.apache.ibatis.io.DefaultVFS]Reader entry: Goods.class
  [DEBUG] [2018-08-29 00:23:39][org.apache.ibatis.io.DefaultVFS]Listing file:/C:/Users/Administrator/Workspaces/MyEclipse%202016%20CI/0514_DubboManager/0514_DubboManager_Pojo/target/classes/com/offcn/po
  [DEBUG] [2018-08-29 00:23:39][org.apache.ibatis.io.DefaultVFS]Find JAR URL: file:/C:/Users/Administrator/Workspaces/MyEclipse%202016%20CI/0514_DubboManager/0514_DubboManager_Pojo/target/classes/com/offcn/po/Goods.class
  [DEBUG] [2018-08-29 00:23:39][org.apache.ibatis.io.DefaultVFS]Not a JAR: file:/C:/Users/Administrator/Workspaces/MyEclipse%202016%20CI/0514_DubboManager/0514_DubboManager_Pojo/target/classes/com/offcn/po/Goods.class
  [DEBUG] [2018-08-29 00:23:39][org.apache.ibatis.io.DefaultVFS]Reader entry: Êþº¾   4 T
  [DEBUG] [2018-08-29 00:23:39][org.apache.ibatis.io.ResolverUtil]Checking to see if class com.offcn.po.Goods matches criteria [is assignable to Object]
  [DEBUG] [2018-08-29 00:23:39][org.mybatis.spring.SqlSessionFactoryBean]Parsed configuration file: 'class path resource [mybatis-configuration.xml]'
  [DEBUG] [2018-08-29 00:23:39][org.mybatis.spring.SqlSessionFactoryBean]Parsed mapper file: 'file [C:\Users\Administrator\Workspaces\MyEclipse 2016 CI\0514_DubboManager\0514_DubboManager_Dao\target\classes\com\offcn\mapper\GoodsDAO.xml]'
  [DEBUG] [2018-08-29 00:23:39][org.springframework.beans.factory.support.DefaultListableBeanFactory]Finished creating instance of bean 'SqlSessionFactory'
  [DEBUG] [2018-08-29 00:23:39][org.springframework.beans.factory.support.DefaultListableBeanFactory]Returning cached instance of singleton bean 'org.mybatis.spring.mapper.MapperScannerConfigurer#0'
  [DEBUG] [2018-08-29 00:23:39][org.springframework.beans.factory.support.DefaultListableBeanFactory]Creating shared instance of singleton bean 'goodsDAO'
  [DEBUG] [2018-08-29 00:23:39][org.springframework.beans.factory.support.DefaultListableBeanFactory]Creating instance of bean 'goodsDAO'
  [DEBUG] [2018-08-29 00:23:40][org.springframework.beans.factory.support.DefaultListableBeanFactory]Eagerly caching bean 'goodsDAO' to allow for resolving potential circular references
  [DEBUG] [2018-08-29 00:23:40][org.springframework.beans.factory.support.DefaultListableBeanFactory]Returning cached instance of singleton bean 'SqlSessionFactory'
  [DEBUG] [2018-08-29 00:23:40][org.springframework.beans.factory.support.DefaultListableBeanFactory]Invoking afterPropertiesSet() on bean with name 'goodsDAO'
  [DEBUG] [2018-08-29 00:23:40][org.springframework.beans.factory.support.DefaultListableBeanFactory]Finished creating instance of bean 'goodsDAO'
  [DEBUG] [2018-08-29 00:23:40][org.springframework.beans.factory.support.DefaultListableBeanFactory]Returning cached instance of singleton bean 'org.springframework.context.annotation.internalConfigurationAnnotationProcessor'
  [DEBUG] [2018-08-29 00:23:40][org.springframework.beans.factory.support.DefaultListableBeanFactory]Returning cached instance of singleton bean 'org.springframework.context.annotation.internalAutowiredAnnotationProcessor'
  [DEBUG] [2018-08-29 00:23:40][org.springframework.beans.factory.support.DefaultListableBeanFactory]Returning cached instance of singleton bean 'org.springframework.context.annotation.internalRequiredAnnotationProcessor'
  [DEBUG] [2018-08-29 00:23:40][org.springframework.beans.factory.support.DefaultListableBeanFactory]Returning cached instance of singleton bean 'org.springframework.context.annotation.internalCommonAnnotationProcessor'
  [DEBUG] [2018-08-29 00:23:40][org.springframework.beans.factory.support.DefaultListableBeanFactory]Returning cached instance of singleton bean 'org.springframework.context.annotation.ConfigurationClassPostProcessor.importAwareProcessor'
  [DEBUG] [2018-08-29 00:23:40][org.springframework.beans.factory.support.DefaultListableBeanFactory]Returning cached instance of singleton bean 'org.springframework.context.annotation.ConfigurationClassPostProcessor.enhancedConfigurationProcessor'
  [DEBUG] [2018-08-29 00:23:40][org.springframework.context.support.ClassPathXmlApplicationContext]Unable to locate LifecycleProcessor with name 'lifecycleProcessor': using default [org.springframework.context.support.DefaultLifecycleProcessor@799f10e1]
  [DEBUG] [2018-08-29 00:23:40][org.springframework.beans.factory.support.DefaultListableBeanFactory]Returning cached instance of singleton bean 'lifecycleProcessor'
  [DEBUG] [2018-08-29 00:23:40][org.springframework.beans.factory.support.DefaultListableBeanFactory]Returning cached instance of singleton bean 'SqlSessionFactory'
  [DEBUG] [2018-08-29 00:23:40][org.springframework.core.env.PropertySourcesPropertyResolver]Searching for key 'spring.liveBeansView.mbeanDomain' in [systemProperties]
  [DEBUG] [2018-08-29 00:23:40][org.springframework.core.env.PropertySourcesPropertyResolver]Searching for key 'spring.liveBeansView.mbeanDomain' in [systemEnvironment]
  [DEBUG] [2018-08-29 00:23:40][org.springframework.core.env.PropertySourcesPropertyResolver]Could not find key 'spring.liveBeansView.mbeanDomain' in any property source. Returning [null]
  [DEBUG] [2018-08-29 00:23:40][org.springframework.beans.factory.support.DefaultListableBeanFactory]Returning cached instance of singleton bean 'goodsDAO'
  [DEBUG] [2018-08-29 00:23:40][org.mybatis.spring.SqlSessionUtils]Creating a new SqlSession
  [DEBUG] [2018-08-29 00:23:40][org.mybatis.spring.SqlSessionUtils]SqlSession [org.apache.ibatis.session.defaults.DefaultSqlSession@5b7a5baa] was not registered for synchronization because synchronization is not active
  [DEBUG] [2018-08-29 00:23:40][org.springframework.jdbc.datasource.DataSourceUtils]Fetching JDBC Connection from DataSource
  [DEBUG] [2018-08-29 00:23:40][org.mybatis.spring.transaction.SpringManagedTransaction]JDBC Connection [jdbc:mysql://localhost:3306/0514_db, UserName=root@localhost, MySQL Connector Java] will not be managed by Spring
  [DEBUG] [2018-08-29 00:23:40][com.offcn.mapper.GoodsDAO.getGoodsCount]==>  Preparing: select count(*) from goods 
  [DEBUG] [2018-08-29 00:23:40][com.offcn.mapper.GoodsDAO.getGoodsCount]==> Parameters: 
  [DEBUG] [2018-08-29 00:23:40][com.offcn.mapper.GoodsDAO.getGoodsCount]<==      Total: 1
  [DEBUG] [2018-08-29 00:23:40][org.mybatis.spring.transaction.SpringManagedTransaction]Committing JDBC Connection [jdbc:mysql://localhost:3306/0514_db, UserName=root@localhost, MySQL Connector Java]
  [DEBUG] [2018-08-29 00:23:40][org.mybatis.spring.SqlSessionUtils]Closing non transactional SqlSession [org.apache.ibatis.session.defaults.DefaultSqlSession@5b7a5baa]
  [DEBUG] [2018-08-29 00:23:40][org.springframework.jdbc.datasource.DataSourceUtils]Returning JDBC Connection to DataSource
  